2017-11-07 08:28:38 [@dai]
Interno #1: Ejecutar createinquest
2017-11-07 08:33:45 [2@dai]
Interno #1: Ejecutar watcher
2017-11-07 08:33:48 [@dai]
Interno #1: Ejecutar ticketrecurrent
2017-11-07 08:33:52 [@dai]
Interno #1: Ejecutar planningrecall
2017-11-07 08:51:19 [@dai]
Interno #1: Ejecutar queuednotification
2017-11-07 08:53:38 [@dai]
Interno #1: Ejecutar queuednotificationclean
2017-11-07 08:54:57 [@dai]
Interno #1: Ejecutar temp
2017-11-07 13:21:26 [@dai]
Interno #1: Ejecutar mailgateerror
2017-11-07 13:22:19 [@dai]
Interno #1: Ejecutar telemetry
2017-11-07 15:41:55 [@dai]
Interno #1: Ejecutar contract
2017-11-07 15:42:40 [@dai]
Interno #1: Ejecutar infocom
2017-11-07 16:06:57 [@dai]
Interno #1: Ejecutar optimize
2017-11-07 19:35:10 [@dai]
Interno #1: Ejecutar mailgate
2017-11-07 19:57:20 [@dai]
Interno #1: Ejecutar session
2017-11-07 22:36:29 [@dai]
Interno #1: Ejecutar graph
2017-11-07 22:53:10 [@dai]
Interno #1: Ejecutar reservation
2017-11-07 23:28:54 [2@dai]
Interno #1: Ejecutar closeticket
2017-11-08 11:34:36 [@dai]
Interno #1: Ejecutar alertnotclosed
2017-11-08 11:36:50 [@dai]
Interno #1: Ejecutar slaticket
2017-11-08 11:37:08 [@dai]
Interno #1: Ejecutar olaticket
2017-11-08 11:37:11 [@dai]
Interno #1: Ejecutar planningrecall
2017-11-08 11:53:18 [@dai]
Interno #1: Ejecutar queuednotification
2017-11-08 11:53:55 [@dai]
Interno #1: Ejecutar ticketrecurrent
2017-11-08 18:21:37 [@dai]
Interno #1: Ejecutar temp
2017-11-08 19:34:43 [@dai]
Interno #1: Ejecutar mailgate
2017-11-08 21:26:40 [@dai]
Interno #1: Ejecutar graph
2017-11-08 21:45:20 [2@dai]
Interno #1: Ejecutar reservation
2017-11-08 22:14:48 [2@dai]
Interno #1: Ejecutar createinquest
2017-11-08 22:36:52 [2@dai]
Interno #1: Ejecutar watcher
2017-11-08 23:26:22 [2@dai]
Interno #1: Ejecutar queuednotificationclean
2017-11-08 23:32:27 [2@dai]
Interno #1: Ejecutar closeticket
2017-11-08 23:34:33 [@dai]
Interno #1: Ejecutar slaticket
2017-11-09 00:06:27 [2@dai]
Interno #1: Ejecutar planningrecall
2017-11-09 14:25:40 [@dai]
Interno #1: Ejecutar olaticket
2017-11-09 18:57:10 [@dai]
Interno #1: Ejecutar queuednotification
2017-11-09 19:04:17 [2@dai]
Interno #1: Ejecutar ticketrecurrent
2017-11-09 19:12:52 [2@dai]
Interno #1: Ejecutar mailgateerror
2017-11-09 19:23:32 [2@dai]
Interno #1: Ejecutar contract
2017-11-09 21:58:18 [2@dai]
Interno #1: Ejecutar infocom
2017-11-09 21:58:21 [@dai]
Interno #1: Ejecutar temp
2017-11-09 22:48:32 [@dai]
Interno #1: Ejecutar mailgate
2017-11-09 22:52:57 [@dai]
Interno #1: Ejecutar session
2017-11-09 22:54:11 [@dai]
Interno #1: Ejecutar graph
2017-11-10 15:09:10 [@dai]
Interno #1: Ejecutar reservation
2017-11-11 17:03:09 [@dai]
Interno #1: Ejecutar alertnotclosed
2017-11-11 17:13:50 [@dai]
Interno #1: Ejecutar slaticket
2017-11-11 17:13:55 [@dai]
Interno #1: Ejecutar planningrecall
2017-11-11 17:37:23 [@dai]
Interno #1: Ejecutar closeticket
2017-11-14 08:24:45 [@dai]
Interno #1: Ejecutar olaticket
2017-11-16 10:23:39 [@dai]
Interno #1: Ejecutar queuednotification
2017-11-16 10:23:48 [@dai]
Interno #1: Ejecutar ticketrecurrent
2017-11-16 19:06:46 [@dai]
Interno #1: Ejecutar createinquest
2017-11-16 19:24:38 [2@dai]
Interno #1: Ejecutar watcher
2017-11-16 19:24:40 [@dai]
Interno #1: Ejecutar mailgate
2017-11-19 11:18:36 [@dai]
Interno #1: Ejecutar temp
2017-11-19 16:57:50 [@dai]
Interno #1: Ejecutar queuednotificationclean
2017-11-19 17:04:29 [2@dai]
Interno #1: Ejecutar graph
2017-11-19 17:10:37 [2@dai]
Interno #1: Ejecutar reservation
2017-11-23 15:56:13 [@dai]
Interno #1: Ejecutar mailgateerror
2017-11-23 16:28:00 [@dai]
Interno #1: Ejecutar contract
2017-11-23 16:28:48 [@dai]
Interno #1: Ejecutar infocom
2017-11-23 16:43:29 [2@dai]
Interno #1: Ejecutar session
2017-11-23 16:55:53 [2@dai]
Interno #1: Ejecutar slaticket
2017-11-23 17:14:12 [2@dai]
Interno #1: Ejecutar planningrecall
2017-11-23 18:36:02 [2@dai]
Interno #1: Ejecutar alertnotclosed
2017-11-23 19:03:45 [2@dai]
Interno #1: Ejecutar closeticket
2017-11-27 22:38:04 [@dai]
Interno #1: Ejecutar olaticket
2017-11-29 20:08:13 [@dai]
Interno #1: Ejecutar optimize
2017-11-30 18:52:47 [@dai]
Interno #1: Ejecutar queuednotification
2017-12-01 08:42:53 [@dai]
Interno #1: Ejecutar ticketrecurrent
2017-12-02 17:42:11 [@dai]
Interno #1: Ejecutar mailgate
2017-12-05 08:02:59 [@dai]
Interno #1: Ejecutar createinquest
2017-12-07 07:54:49 [@dai]
Interno #1: Ejecutar watcher
2017-12-07 07:54:59 [@dai]
Interno #1: Ejecutar temp
2017-12-07 07:55:34 [@dai]
Interno #1: Ejecutar graph
2017-12-08 17:44:35 [@dai]
Interno #1: Ejecutar reservation
2017-12-11 21:19:50 [@dai]
Interno #1: Ejecutar queuednotificationclean
2017-12-12 20:29:48 [@dai]
Interno #1: Ejecutar slaticket
2017-12-12 20:54:10 [2@dai]
Interno #1: Ejecutar planningrecall
2017-12-16 21:12:02 [@dai]
Interno #1: Ejecutar alertnotclosed
2017-12-17 18:32:09 [@dai]
Interno #1: Ejecutar closeticket
2017-12-18 01:10:55 [@dai]
Interno #1: Ejecutar mailgateerror
2017-12-19 09:47:04 [@dai]
Interno #1: Ejecutar contract
2017-12-19 13:25:10 [@dai]
Interno #1: Ejecutar infocom
2017-12-19 13:46:05 [2@dai]
Interno #1: Ejecutar session
2017-12-19 21:17:31 [@dai]
Interno #1: Ejecutar olaticket
2017-12-19 21:23:59 [2@dai]
Interno #1: Ejecutar queuednotification
2017-12-19 23:28:15 [@dai]
Interno #1: Ejecutar ticketrecurrent
2017-12-20 14:29:47 [@dai]
Interno #1: Ejecutar mailgate
2017-12-20 21:44:44 [@dai]
Interno #1: Ejecutar createinquest
2017-12-20 21:50:25 [2@dai]
Interno #1: Ejecutar optimize
2017-12-20 22:00:14 [2@dai]
Interno #1: Ejecutar temp
2017-12-20 22:07:23 [2@dai]
Interno #1: Ejecutar graph
2017-12-20 22:17:12 [2@dai]
Interno #1: Ejecutar telemetry
2017-12-30 11:54:11 [@dai]
Interno #1: Ejecutar watcher
2018-01-02 14:08:53 [@dai]
Interno #1: Ejecutar reservation
2018-01-02 14:35:59 [2@dai]
Interno #1: Ejecutar slaticket
2018-01-02 14:36:01 [@dai]
Interno #1: Ejecutar planningrecall
2018-01-02 14:36:58 [@dai]
Interno #1: Ejecutar queuednotificationclean
2018-01-02 14:53:58 [@dai]
Interno #1: Ejecutar alertnotclosed
2018-01-02 15:00:54 [@dai]
Interno #1: Ejecutar closeticket
2018-01-02 17:21:58 [@dai]
Interno #1: Ejecutar mailgateerror
2018-01-02 20:45:07 [@dai]
Interno #1: Ejecutar olaticket
2018-01-02 21:13:37 [2@dai]
Interno #1: Ejecutar queuednotification
2018-01-02 21:58:50 [2@dai]
Interno #1: Ejecutar ticketrecurrent
2018-01-02 22:09:26 [2@dai]
Interno #1: Ejecutar contract
2018-01-02 22:19:56 [2@dai]
Interno #1: Ejecutar infocom
2018-01-02 22:28:00 [2@dai]
Interno #1: Ejecutar session
2018-01-03 08:41:31 [@dai]
Interno #1: Ejecutar mailgate
2018-01-03 10:57:53 [2@dai]
Interno #1: Ejecutar temp
2018-01-03 18:41:47 [2@dai]
Interno #1: Ejecutar graph
2018-01-03 18:52:38 [2@dai]
Interno #1: Ejecutar createinquest
2018-01-03 19:31:41 [2@dai]
Interno #1: Ejecutar optimize
2018-01-03 19:36:51 [2@dai]
Interno #1: Ejecutar watcher
2018-01-03 19:41:44 [@dai]
Interno #1: Ejecutar slaticket
2018-01-03 19:41:58 [@dai]
Interno #1: Ejecutar planningrecall
2018-01-03 20:59:25 [2@dai]
Interno #1: Ejecutar reservation
2018-01-04 19:31:52 [2@dai]
Interno #1: Ejecutar olaticket
2018-01-04 19:39:10 [2@dai]
Interno #1: Ejecutar queuednotification
2018-01-04 19:54:04 [2@dai]
Interno #1: Ejecutar ticketrecurrent
2018-01-06 16:28:47 [@dai]
Interno #1: Ejecutar alertnotclosed
2018-01-07 10:32:13 [2@dai]
Interno #1: Ejecutar closeticket
2018-01-07 10:37:43 [2@dai]
Interno #1: Ejecutar mailgate
2018-01-08 21:09:49 [@dai]
Interno #1: Ejecutar temp
2018-01-08 22:46:40 [@dai]
Interno #1: Ejecutar queuednotificationclean
2018-01-09 16:45:50 [@dai]
Interno #1: Ejecutar mailgateerror
2018-01-09 16:46:35 [@dai]
Interno #1: Ejecutar graph
2018-01-09 20:14:34 [2@dai]
Interno #1: Ejecutar slaticket
2018-01-10 19:27:47 [@dai]
Interno #1: Ejecutar planningrecall
2018-01-10 20:34:54 [@dai]
Interno #1: Ejecutar reservation
2018-01-11 10:37:48 [@dai]
Interno #1: Ejecutar contract
2018-01-11 16:35:02 [@dai]
Interno #1: Ejecutar infocom
2018-01-11 16:35:08 [@dai]
Interno #1: Ejecutar session
2018-01-11 16:35:15 [@dai]
Interno #1: Ejecutar createinquest
2018-01-11 16:48:16 [2@dai]
Interno #1: Ejecutar watcher
2018-01-11 17:07:07 [2@dai]
Interno #1: Ejecutar olaticket
2018-01-11 17:11:17 [@dai]
Interno #1: Ejecutar queuednotification
2018-01-11 17:12:08 [2@dai]
Interno #1: Ejecutar ticketrecurrent
2018-01-11 17:13:24 [@dai]
Interno #1: Ejecutar alertnotclosed
2018-01-11 17:18:08 [2@dai]
Interno #1: Ejecutar mailgate
2018-01-11 17:19:42 [2@dai]
Interno #1: Ejecutar closeticket
2018-01-11 17:27:15 [2@dai]
Interno #1: Ejecutar temp
2018-01-11 17:32:57 [@dai]
Interno #1: Ejecutar graph
2018-01-11 17:50:59 [2@dai]
Interno #1: Ejecutar slaticket
2018-01-11 17:57:13 [2@dai]
Interno #1: Ejecutar queuednotificationclean
2018-01-11 18:56:23 [2@dai]
Interno #1: Ejecutar mailgateerror
2018-01-12 06:22:05 [@dai]
Interno #1: Ejecutar optimize
2018-01-12 15:57:02 [2@dai]
Interno #1: Ejecutar planningrecall
2018-01-12 16:25:58 [2@dai]
Interno #1: Ejecutar reservation
2018-01-12 16:34:02 [2@dai]
Interno #1: Ejecutar queuednotification
2018-01-12 16:39:59 [2@dai]
Interno #1: Ejecutar olaticket
2018-01-13 09:17:56 [@dai]
Interno #1: Ejecutar mailgate
2018-01-15 20:43:59 [@dai]
Interno #1: Ejecutar slaticket
2018-01-15 20:44:07 [@dai]
Interno #1: Ejecutar ticketrecurrent
2018-01-15 20:55:00 [2@dai]
Interno #1: Ejecutar temp
2018-01-15 21:10:40 [@dai]
Interno #1: Ejecutar graph
2018-01-17 21:30:59 [@dai]
Interno #1: Ejecutar alertnotclosed
2018-01-17 22:11:16 [2@dai]
Interno #1: Ejecutar closeticket
2018-01-18 16:42:28 [@dai]
Interno #1: Ejecutar contract
2018-01-18 16:47:32 [@dai]
Interno #1: Ejecutar planningrecall
2018-01-18 17:00:17 [@dai]
Interno #1: Ejecutar infocom
2018-01-18 17:59:45 [@dai]
Interno #1: Ejecutar session
2018-01-18 18:28:01 [@dai]
Interno #1: Ejecutar createinquest
2018-01-19 08:08:29 [@dai]
Interno #1: Ejecutar queuednotification
2018-01-20 14:32:41 [@dai]
Interno #1: Ejecutar olaticket
2018-01-22 20:52:06 [@dai]
Interno #1: Ejecutar watcher
